<?xml version="1.0" encoding="UTF-8" ?>
<testsuite tests="17" failures="0" name="com.srv.HorseServiceTest" time="0.108" errors="0" skipped="0">
  <properties>
[...]
</properties>
  <testcase classname="com.srv.HorseServiceTest" name="test_NameShouldBeDefault_IfUnhealthyAndNull" time="0.003"/>
  <testcase classname="com.srv.HorseServiceTest" name="testHorseRun_IfDistanceBelowTen_ShouldLimitSpeed" time="0"/>
  <testcase classname="com.srv.HorseServiceTest" name="test_NameShouldBeUppercase_IfHealthyAndNull" time="0.001"/>
  <testcase classname="com.srv.HorseServiceTest" name="test_RunDistance_IfFinish_BreakDownShouldNotBeEmpty" time="0.001"/>
  <testcase classname="com.srv.HorseServiceTest" name="test_EndRun_IfFinish_DistanceShouldNotBe_0" time="0.004"/>
  <testcase classname="com.srv.HorseServiceTest" name="test_HorseRun_IfDistanceGreaterThanTen_ShouldNotLimitSpeed" time="0"/>
  <testcase classname="com.srv.HorseServiceTest" name="test_EndRun_IfBarn_ShouldSetDistanceTravelledTo_0" time="0"/>
  <testcase classname="com.srv.HorseServiceTest" name="test_RunMessage_IfDestinationBarn" time="0"/>
  <testcase classname="com.srv.HorseServiceTest" name="test_NameShouldBeUppercase_IfHealthy" time="0"/>
  <testcase classname="com.srv.HorseServiceTest" name="test_WarCry_IfNotNull" time="0.006"/>
  <testcase classname="com.srv.HorseServiceTest" name="testRunToGoalIfFinish_DistanceTravelledShouldBe_20" time="0.015"/>
  <testcase classname="com.srv.HorseServiceTest" name="test_RunToGoal_IfFinish_ShouldContainBreakDown" time="0.003"/>
  <testcase classname="com.srv.HorseServiceTest" name="test_Name_IfUnhealthy" time="0"/>
  <testcase classname="com.srv.HorseServiceTest" name="test_WarCry_IfNull" time="0.001"/>
  <testcase classname="com.srv.HorseServiceTest" name="test_printBreakDown" time="0.072"/>
  <testcase classname="com.srv.HorseServiceTest" name="test_RunDistance_IfBarn_BreakDownShouldBeEmpty" time="0.002"/>
  <testcase classname="com.srv.HorseServiceTest" name="test_RunMessage_IfDestinationFinish" time="0"/>
</testsuite>