<?xml version="1.0" encoding="UTF-8" standalone="yes"?><!DOCTYPE report PUBLIC "-//JACOCO//DTD Report 1.0//EN" "report.dtd"><report name="application"><sessioninfo id="D-3XDPQP1-337a7f5a" start="1533640954494" dump="1533640955913"/><sessioninfo id="D-3XDPQP1-432ac1b9" start="1533641150876" dump="1533641153533"/><sessioninfo id="D-3XDPQP1-70544dfd" start="1533641243596" dump="1533641244730"/><sessioninfo id="D-3XDPQP1-df68151b" start="1533641342645" dump="1533641345161"/><sessioninfo id="D-3XDPQP1-6e81bf2a" start="1533641396041" dump="1533641398381"/><sessioninfo id="D-3XDPQP1-9210d925" start="1533641557390" dump="1533641560242"/><sessioninfo id="D-3XDPQP1-367a9659" start="1533641582260" dump="1533641585272"/><sessioninfo id="D-3XDPQP1-1bc3714f" start="1533641711098" dump="1533641714256"/><sessioninfo id="D-3XDPQP1-6097139" start="1533641755704" dump="1533641758170"/><sessioninfo id="D-3XDPQP1-41eb94df" start="1533641789150" dump="1533641799556"/><sessioninfo id="D-3XDPQP1-b93e2c01" start="1533641994911" dump="1533641997878"/><sessioninfo id="D-3XDPQP1-2dc9df74" start="1533642241746" dump="1533642244867"/><sessioninfo id="D-3XDPQP1-cb92589c" start="1533642413461" dump="1533642416774"/><sessioninfo id="D-3XDPQP1-c12d88d4" start="1533690631671" dump="1533690656744"/><sessioninfo id="D-3XDPQP1-e789c7d2" start="1533690720552" dump="1533690727320"/><sessioninfo id="D-3XDPQP1-832069fa" start="1533691012180" dump="1533691065714"/><sessioninfo id="D-3XDPQP1-c624a186" start="1533691083156" dump="1533691089120"/><sessioninfo id="D-3XDPQP1-221231e4" start="1533691144121" dump="1533691146734"/><sessioninfo id="D-3XDPQP1-76865951" start="1533691172353" dump="1533691175329"/><sessioninfo id="D-3XDPQP1-8ed49a06" start="1533691208315" dump="1533691211317"/><sessioninfo id="D-3XDPQP1-8f768de4" start="1533691295779" dump="1533691299278"/><sessioninfo id="D-3XDPQP1-b4f6521e" start="1533691403832" dump="1533691406571"/><sessioninfo id="D-3XDPQP1-d53ff731" start="1533691441277" dump="1533691443838"/><sessioninfo id="D-3XDPQP1-aad55d06" start="1533691769604" dump="1533691772609"/><sessioninfo id="D-3XDPQP1-7d3dba77" start="1533691857811" dump="1533691860680"/><sessioninfo id="D-3XDPQP1-f27cb197" start="1533691996833" dump="1533692000191"/><sessioninfo id="D-3XDPQP1-b6f5bfb2" start="1533692307490" dump="1533692310675"/><sessioninfo id="D-3XDPQP1-24a7549b" start="1533692349500" dump="1533692352520"/><sessioninfo id="D-3XDPQP1-aef9c261" start="1533692534988" dump="1533692538130"/><sessioninfo id="D-3XDPQP1-593fa54" start="1533692644075" dump="1533692647845"/><sessioninfo id="D-3XDPQP1-6fa11678" start="1533692839013" dump="1533692842864"/><sessioninfo id="D-3XDPQP1-64dd0b5a" start="1533693099803" dump="1533693102537"/><sessioninfo id="D-3XDPQP1-8fedc4f8" start="1533693276895" dump="1533693279824"/><sessioninfo id="D-3XDPQP1-4d8d06eb" start="1533693778234" dump="1533693781582"/><sessioninfo id="D-3XDPQP1-9c95cb1b" start="1533693858032" dump="1533693861032"/><sessioninfo id="D-3XDPQP1-bf3465da" start="1533693891683" dump="1533693894524"/><sessioninfo id="D-3XDPQP1-5a635c02" start="1533693925348" dump="1533693928579"/><sessioninfo id="D-3XDPQP1-52e40e7" start="1533694656329" dump="1533694665386"/><sessioninfo id="D-3XDPQP1-9c0d0e17" start="1533694954742" dump="1533694957974"/><sessioninfo id="D-3XDPQP1-f9238df5" start="1533695045447" dump="1533695050192"/><sessioninfo id="D-3XDPQP1-2e10546e" start="1533695279675" dump="1533695282864"/><sessioninfo id="D-3XDPQP1-cdcfbdc3" start="1533695311448" dump="1533695314450"/><sessioninfo id="D-3XDPQP1-9887aa01" start="1533695967066" dump="1533695971720"/><sessioninfo id="D-3XDPQP1-147774ef" start="1533696047187" dump="1533696050224"/><sessioninfo id="D-3XDPQP1-8a598c3a" start="1533696125219" dump="1533696128175"/><sessioninfo id="D-3XDPQP1-e5f46243" start="1533696393517" dump="1533696402487"/><sessioninfo id="D-3XDPQP1-5962bb6f" start="1533696470811" dump="1533696548451"/><sessioninfo id="D-3XDPQP1-1a5877e" start="1533696789243" dump="1533696796795"/><sessioninfo id="D-3XDPQP1-e8114650" start="1533696820731" dump="1533696823970"/><sessioninfo id="D-3XDPQP1-f58485d6" start="1533697024682" dump="1533697027861"/><sessioninfo id="D-3XDPQP1-1cf03475" start="1533697190765" dump="1533697196284"/><sessioninfo id="D-3XDPQP1-73820f1f" start="1533697348254" dump="1533697352389"/><sessioninfo id="D-3XDPQP1-879ae29b" start="1533697380516" dump="1533697384032"/><sessioninfo id="D-3XDPQP1-bb802b69" start="1533697472283" dump="1533697475587"/><sessioninfo id="D-3XDPQP1-c2b2dfe9" start="1533697617567" dump="1533697620628"/><sessioninfo id="D-3XDPQP1-2a89c9a7" start="1533707881552" dump="1533707884525"/><sessioninfo id="D-3XDPQP1-fc27ad43" start="1533708158247" dump="1533708161158"/><sessioninfo id="D-3XDPQP1-f3ea3c86" start="1533708206420" dump="1533708209795"/><sessioninfo id="D-3XDPQP1-c3cb5677" start="1533708224231" dump="1533708227762"/><sessioninfo id="D-3XDPQP1-7e0936f3" start="1533708376381" dump="1533708379800"/><sessioninfo id="D-3XDPQP1-d0c7d049" start="1533708747379" dump="1533708750796"/><sessioninfo id="D-3XDPQP1-51f99a3b" start="1533709131353" dump="1533709134571"/><package name="com/app"><class name="com/app/Main"><method name="&lt;init&gt;" desc="()V" line="3"><counter type="INSTRUCTION" missed="3" covered="0"/><counter type="LINE" missed="1" covered="0"/><counter type="COMPLEXITY" missed="1" covered="0"/><counter type="METHOD" missed="1" covered="0"/></method><method name="main" desc="([Ljava/lang/String;)V" line="6"><counter type="INSTRUCTION" missed="7" covered="0"/><counter type="LINE" missed="3" covered="0"/><counter type="COMPLEXITY" missed="1" covered="0"/><counter type="METHOD" missed="1" covered="0"/></method><counter type="INSTRUCTION" missed="10" covered="0"/><counter type="LINE" missed="4" covered="0"/><counter type="COMPLEXITY" missed="2" covered="0"/><counter type="METHOD" missed="2" covered="0"/><counter type="CLASS" missed="1" covered="0"/></class><class name="com/app/StarterClass"><method name="getInteger" desc="(II)Ljava/lang/Integer;" line="14"><counter type="INSTRUCTION" missed="11" covered="0"/><counter type="LINE" missed="3" covered="0"/><counter type="COMPLEXITY" missed="1" covered="0"/><counter type="METHOD" missed="1" covered="0"/></method><method name="&lt;clinit&gt;" desc="()V" line="10"><counter type="INSTRUCTION" missed="12" covered="0"/><counter type="LINE" missed="2" covered="0"/><counter type="COMPLEXITY" missed="1" covered="0"/><counter type="METHOD" missed="1" covered="0"/></method><counter type="INSTRUCTION" missed="23" covered="0"/><counter type="LINE" missed="5" covered="0"/><counter type="COMPLEXITY" missed="2" covered="0"/><counter type="METHOD" missed="2" covered="0"/><counter type="CLASS" missed="1" covered="0"/></class><class name="com/app/StarterClassImplementation"><method name="&lt;init&gt;" desc="()V" line="15"><counter type="INSTRUCTION" missed="26" covered="0"/><counter type="LINE" missed="5" covered="0"/><counter type="COMPLEXITY" missed="1" covered="0"/><counter type="METHOD" missed="1" covered="0"/></method><method name="tacTest" desc="(Z)Z" line="30"><counter type="INSTRUCTION" missed="2" covered="0"/><counter type="LINE" missed="1" covered="0"/><counter type="COMPLEXITY" missed="1" covered="0"/><counter type="METHOD" missed="1" covered="0"/></method><method name="start" desc="()V" line="35"><counter type="INSTRUCTION" missed="60" covered="0"/><counter type="BRANCH" missed="4" covered="0"/><counter type="LINE" missed="10" covered="0"/><counter type="COMPLEXITY" missed="3" covered="0"/><counter type="METHOD" missed="1" covered="0"/></method><method name="horseCreator" desc="(Lcom/horse/Horse;Ljava/lang/Integer;Ljava/util/Optional;)Lcom/horse/Horse;" line="54"><counter type="INSTRUCTION" missed="35" covered="0"/><counter type="LINE" missed="5" covered="0"/><counter type="COMPLEXITY" missed="1" covered="0"/><counter type="METHOD" missed="1" covered="0"/></method><method name="clearList" desc="()V" line="63"><counter type="INSTRUCTION" missed="8" covered="0"/><counter type="BRANCH" missed="2" covered="0"/><counter type="LINE" missed="3" covered="0"/><counter type="COMPLEXITY" missed="2" covered="0"/><counter type="METHOD" missed="1" covered="0"/></method><counter type="INSTRUCTION" missed="131" covered="0"/><counter type="BRANCH" missed="6" covered="0"/><counter type="LINE" missed="24" covered="0"/><counter type="COMPLEXITY" missed="8" covered="0"/><counter type="METHOD" missed="5" covered="0"/><counter type="CLASS" missed="1" covered="0"/></class><sourcefile name="StarterClass.java"><line nr="10" mi="5" ci="0" mb="0" cb="0"/><line nr="11" mi="7" ci="0" mb="0" cb="0"/><line nr="14" mi="5" ci="0" mb="0" cb="0"/><line nr="15" mi="3" ci="0" mb="0" cb="0"/><line nr="16" mi="3" ci="0" mb="0" cb="0"/><counter type="INSTRUCTION" missed="23" covered="0"/><counter type="LINE" missed="5" covered="0"/><counter type="COMPLEXITY" missed="2" covered="0"/><counter type="METHOD" missed="2" covered="0"/><counter type="CLASS" missed="1" covered="0"/></sourcefile><sourcefile name="Main.java"><line nr="3" mi="3" ci="0" mb="0" cb="0"/><line nr="6" mi="4" ci="0" mb="0" cb="0"/><line nr="7" mi="2" ci="0" mb="0" cb="0"/><line nr="8" mi="1" ci="0" mb="0" cb="0"/><counter type="INSTRUCTION" missed="10" covered="0"/><counter type="LINE" missed="4" covered="0"/><counter type="COMPLEXITY" missed="2" covered="0"/><counter type="METHOD" missed="2" covered="0"/><counter type="CLASS" missed="1" covered="0"/></sourcefile><sourcefile name="StarterClassImplementation.java"><line nr="15" mi="2" ci="0" mb="0" cb="0"/><line nr="17" mi="6" ci="0" mb="0" cb="0"/><line nr="18" mi="5" ci="0" mb="0" cb="0"/><line nr="21" mi="7" ci="0" mb="0" cb="0"/><line nr="26" mi="6" ci="0" mb="0" cb="0"/><line nr="30" mi="2" ci="0" mb="0" cb="0"/><line nr="35" mi="6" ci="0" mb="0" cb="0"/><line nr="38" mi="2" ci="0" mb="0" cb="0"/><line nr="39" mi="6" ci="0" mb="0" cb="0"/><line nr="41" mi="9" ci="0" mb="2" cb="0"/><line nr="42" mi="15" ci="0" mb="0" cb="0"/><line nr="43" mi="5" ci="0" mb="0" cb="0"/><line nr="46" mi="9" ci="0" mb="0" cb="0"/><line nr="48" mi="4" ci="0" mb="2" cb="0"/><line nr="49" mi="3" ci="0" mb="0" cb="0"/><line nr="50" mi="1" ci="0" mb="0" cb="0"/><line nr="54" mi="11" ci="0" mb="0" cb="0"/><line nr="55" mi="7" ci="0" mb="0" cb="0"/><line nr="56" mi="3" ci="0" mb="0" cb="0"/><line nr="57" mi="12" ci="0" mb="0" cb="0"/><line nr="59" mi="2" ci="0" mb="0" cb="0"/><line nr="63" mi="4" ci="0" mb="2" cb="0"/><line nr="64" mi="3" ci="0" mb="0" cb="0"/><line nr="66" mi="1" ci="0" mb="0" cb="0"/><counter type="INSTRUCTION" missed="131" covered="0"/><counter type="BRANCH" missed="6" covered="0"/><counter type="LINE" missed="24" covered="0"/><counter type="COMPLEXITY" missed="8" covered="0"/><counter type="METHOD" missed="5" covered="0"/><counter type="CLASS" missed="1" covered="0"/></sourcefile><counter type="INSTRUCTION" missed="164" covered="0"/><counter type="BRANCH" missed="6" covered="0"/><counter type="LINE" missed="33" covered="0"/><counter type="COMPLEXITY" missed="12" covered="0"/><counter type="METHOD" missed="9" covered="0"/><counter type="CLASS" missed="3" covered="0"/></package><counter type="INSTRUCTION" missed="164" covered="0"/><counter type="BRANCH" missed="6" covered="0"/><counter type="LINE" missed="33" covered="0"/><counter type="COMPLEXITY" missed="12" covered="0"/><counter type="METHOD" missed="9" covered="0"/><counter type="CLASS" missed="3" covered="0"/></report>